\BOOKMARK [0][]{chapter.1}{1 Abstract}{}% 1
\BOOKMARK [0][]{chapter.2}{2 Introduction}{}% 2
\BOOKMARK [0][]{chapter.3}{3 Error Representations and Three-dimensional Rigid Transformation}{}% 3
\BOOKMARK [1][-]{section.3.1}{3.1 Error representations}{chapter.3}% 4
\BOOKMARK [2][-]{subsection.3.1.1}{3.1.1 Norms}{section.3.1}% 5
\BOOKMARK [2][-]{subsection.3.1.2}{3.1.2 SVD}{section.3.1}% 6
\BOOKMARK [2][-]{subsection.3.1.3}{3.1.3 Condition number}{section.3.1}% 7
\BOOKMARK [2][-]{subsection.3.1.4}{3.1.4 Root mean square error}{section.3.1}% 8
\BOOKMARK [1][-]{section.3.2}{3.2 Three-dimensional rigid transformation}{chapter.3}% 9
\BOOKMARK [2][-]{subsection.3.2.1}{3.2.1 Euclidean transformation between coordinate systems}{section.3.2}% 10
\BOOKMARK [2][-]{subsection.3.2.2}{3.2.2 Elemental rotation matrix}{section.3.2}% 11
\BOOKMARK [2][-]{subsection.3.2.3}{3.2.3 Euler angles}{section.3.2}% 12
\BOOKMARK [2][-]{subsection.3.2.4}{3.2.4 Transform matrix and homogeneous matrix representation}{section.3.2}% 13
\BOOKMARK [0][]{chapter.4}{4 Camera Model}{}% 14
\BOOKMARK [1][-]{section.4.1}{4.1 The relationship between pixel plane coordinate system and image plane coordinate system}{chapter.4}% 15
\BOOKMARK [1][-]{section.4.2}{4.2 The relationship between camera coordinate system and world coordinate system}{chapter.4}% 16
\BOOKMARK [1][-]{section.4.3}{4.3 The Relationship between camera coordinate system and image plane coordinate system}{chapter.4}% 17
\BOOKMARK [1][-]{section.4.4}{4.4 Camera distortion and image}{chapter.4}% 18
\BOOKMARK [0][]{chapter.5}{5 Non-linear Optimization}{}% 19
\BOOKMARK [1][-]{section.5.1}{5.1 Gradient descent method}{chapter.5}% 20
\BOOKMARK [1][-]{section.5.2}{5.2 Non-linear least squares}{chapter.5}% 21
\BOOKMARK [0][]{chapter.6}{6 Pose Estimation Algorithm}{}% 22
\BOOKMARK [1][-]{section.6.1}{6.1 3D-2D: PnP}{chapter.6}% 23
\BOOKMARK [2][-]{subsection.6.1.1}{6.1.1 Direct linear transformation}{section.6.1}% 24
\BOOKMARK [0][]{chapter.7}{7 Visual Mobile Marker Odometry}{}% 25
\BOOKMARK [0][]{chapter.8}{8 Accuracy in Optical Tracking with Fiducial Markers using Condition Number}{}% 26
\BOOKMARK [1][-]{section.8.1}{8.1 The Accuracy function}{chapter.8}% 27
\BOOKMARK [2][-]{subsection.8.1.1}{8.1.1 Accuracy function in past studies}{section.8.1}% 28
\BOOKMARK [2][-]{subsection.8.1.2}{8.1.2 The desired accuracy function}{section.8.1}% 29
\BOOKMARK [2][-]{subsection.8.1.3}{8.1.3 Homography estimation}{section.8.1}% 30
\BOOKMARK [2][-]{subsection.8.1.4}{8.1.4 Connect accuracy function with condition number}{section.8.1}% 31
\BOOKMARK [1][-]{section.8.2}{8.2 Simulation design}{chapter.8}% 32
\BOOKMARK [2][-]{subsection.8.2.1}{8.2.1 Simulation frame setup}{section.8.2}% 33
\BOOKMARK [2][-]{subsection.8.2.2}{8.2.2 Simulation approach}{section.8.2}% 34
\BOOKMARK [1][-]{section.8.3}{8.3 Results}{chapter.8}% 35
\BOOKMARK [0][]{chapter.9}{9 Accuracy of Monocular Tracking using Error Covariance Matrix}{}% 36
\BOOKMARK [1][-]{section.9.1}{9.1 Gaussian error distributions}{chapter.9}% 37
\BOOKMARK [2][-]{subsection.9.1.1}{9.1.1 Multi-dimensional Gaussian distributions}{section.9.1}% 38
\BOOKMARK [2][-]{subsection.9.1.2}{9.1.2 Confidence ellipse/ellipsoid}{section.9.1}% 39
\BOOKMARK [1][-]{section.9.2}{9.2 Error propagation for Gaussian distributions}{chapter.9}% 40
\BOOKMARK [1][-]{section.9.3}{9.3 Forward propagation}{chapter.9}% 41
\BOOKMARK [1][-]{section.9.4}{9.4 Backward propagation}{chapter.9}% 42
\BOOKMARK [1][-]{section.9.5}{9.5 Accuracy of monocular tracking}{chapter.9}% 43
\BOOKMARK [0][]{chapter.10}{10 Motion Planning}{}% 44
\BOOKMARK [1][-]{section.10.1}{10.1 The selected pose estimation algorithm}{chapter.10}% 45
\BOOKMARK [1][-]{section.10.2}{10.2 A* search algorithm}{chapter.10}% 46
\BOOKMARK [1][-]{section.10.3}{10.3 Artificial potential fields}{chapter.10}% 47
\BOOKMARK [1][-]{section.10.4}{10.4 Compare accuracy of paths calculated with A* and artificial potential fields method}{chapter.10}% 48
\BOOKMARK [0][]{chapter.11}{11 Conclusion and Future Work}{}% 49
\BOOKMARK [0][]{chapter.12}{12 List of Abbreviations}{}% 50
